#! /c/Source/iverilog-install/bin/vvp
:ivl_version "12.0 (devel)" "(s20150603-1539-g2693dd32b)";
:ivl_delay_selection "TYPICAL";
:vpi_time_precision - 12;
:vpi_module "F:\iverilog\lib\ivl\system.vpi";
:vpi_module "F:\iverilog\lib\ivl\vhdl_sys.vpi";
:vpi_module "F:\iverilog\lib\ivl\vhdl_textio.vpi";
:vpi_module "F:\iverilog\lib\ivl\v2005_math.vpi";
:vpi_module "F:\iverilog\lib\ivl\va_math.vpi";
S_000001e037735c60 .scope module, "fbit_tb" "fbit_tb" 2 18;
 .timescale -9 -12;
v000001e0376eb980_0 .var "clk", 0 0;
v000001e0376eba20_0 .var "d", 3 0;
v000001e0376ebac0_0 .net "q", 3 0, v000001e0376eb840_0;  1 drivers
v000001e0376ebb60_0 .var "reset", 0 0;
S_000001e037735df0 .scope module, "f" "fbit" 2 23, 2 1 0, S_000001e037735c60;
 .timescale 0 0;
    .port_info 0 /INPUT 1 "clk";
    .port_info 1 /INPUT 1 "reset";
    .port_info 2 /INPUT 4 "d";
    .port_info 3 /OUTPUT 4 "q";
v000001e0376e6920_0 .net "clk", 0 0, v000001e0376eb980_0;  1 drivers
v000001e0376e6b40_0 .net "d", 3 0, v000001e0376eba20_0;  1 drivers
v000001e0376eb840_0 .var "q", 3 0;
v000001e0376eb8e0_0 .net "reset", 0 0, v000001e0376ebb60_0;  1 drivers
E_000001e0376ec250 .event posedge, v000001e0376eb8e0_0, v000001e0376e6920_0;
    .scope S_000001e037735df0;
T_0 ;
    %wait E_000001e0376ec250;
    %load/vec4 v000001e0376eb8e0_0;
    %flag_set/vec4 8;
    %jmp/0xz  T_0.0, 8;
    %pushi/vec4 0, 0, 4;
    %assign/vec4 v000001e0376eb840_0, 0;
    %jmp T_0.1;
T_0.0 ;
    %load/vec4 v000001e0376e6b40_0;
    %assign/vec4 v000001e0376eb840_0, 0;
T_0.1 ;
    %jmp T_0;
    .thread T_0;
    .scope S_000001e037735c60;
T_1 ;
    %load/vec4 v000001e0376eb980_0;
    %inv;
    %store/vec4 v000001e0376eb980_0, 0, 1;
    %delay 10000, 0;
    %jmp T_1;
    .thread T_1;
    .scope S_000001e037735c60;
T_2 ;
    %pushi/vec4 1, 0, 1;
    %assign/vec4 v000001e0376ebb60_0, 0;
    %pushi/vec4 0, 0, 1;
    %assign/vec4 v000001e0376eb980_0, 0;
    %pushi/vec4 0, 0, 4;
    %assign/vec4 v000001e0376eba20_0, 0;
    %delay 20000, 0;
    %pushi/vec4 10, 0, 4;
    %assign/vec4 v000001e0376eba20_0, 0;
    %delay 20000, 0;
    %delay 20000, 0;
    %delay 20000, 0;
    %end;
    .thread T_2;
# The file index is used to find the file name in the following table.
:file_names 3;
    "N/A";
    "<interactive>";
    "4bit.Counter.v";
