#! /c/Source/iverilog-install/bin/vvp
:ivl_version "12.0 (devel)" "(s20150603-1539-g2693dd32b)";
:ivl_delay_selection "TYPICAL";
:vpi_time_precision - 9;
:vpi_module "F:\iverilog\lib\ivl\system.vpi";
:vpi_module "F:\iverilog\lib\ivl\vhdl_sys.vpi";
:vpi_module "F:\iverilog\lib\ivl\vhdl_textio.vpi";
:vpi_module "F:\iverilog\lib\ivl\v2005_math.vpi";
:vpi_module "F:\iverilog\lib\ivl\va_math.vpi";
S_000002594fd0bca0 .scope module, "counter_tb" "counter_tb" 2 47;
 .timescale -9 -9;
v000002594fbe4180_0 .var "clk", 0 0;
v000002594fbe3c80_0 .net "q", 6 0, L_000002594fbea650;  1 drivers
v000002594fbe3640_0 .var "reset", 0 0;
S_000002594fbd6d10 .scope module, "counter_circuit1" "counter" 2 51, 2 34 0, S_000002594fd0bca0;
 .timescale 0 0;
    .port_info 0 /INPUT 1 "CLK";
    .port_info 1 /INPUT 1 "Reset";
    .port_info 2 /OUTPUT 7 "q";
L_000002594fbea650 .functor BUFZ 7, v000002594fbe60d0_0, C4<0000000>, C4<0000000>, C4<0000000>;
v000002594fbe6210_0 .net "CLK", 0 0, v000002594fbe4180_0;  1 drivers
v000002594fbe62b0_0 .net "Reset", 0 0, v000002594fbe3640_0;  1 drivers
v000002594fbe6350_0 .net "d_temp", 6 0, L_000002594fbe3d20;  1 drivers
v000002594fbe63f0_0 .net "q", 6 0, L_000002594fbea650;  alias, 1 drivers
v000002594fbe6490_0 .net "q_temp", 6 0, v000002594fbe60d0_0;  1 drivers
S_000002594fbd6ea0 .scope module, "adder_circuit1" "addOne" 2 42, 2 26 0, S_000002594fbd6d10;
 .timescale 0 0;
    .port_info 0 /INPUT 7 "I";
    .port_info 1 /OUTPUT 7 "O";
v000002594fd069d0_0 .net "I", 6 0, v000002594fbe60d0_0;  alias, 1 drivers
v000002594fd06bf0_0 .net "O", 6 0, L_000002594fbe3d20;  alias, 1 drivers
L_000002594fc30838 .functor BUFT 1, C4<0000001>, C4<0>, C4<0>, C4<0>;
v000002594fd09f40_0 .net/2u *"_ivl_0", 6 0, L_000002594fc30838;  1 drivers
L_000002594fbe3d20 .arith/sum 7, v000002594fbe60d0_0, L_000002594fc30838;
S_000002594fd0d8b0 .scope module, "register_circuit1" "register" 2 41, 2 1 0, S_000002594fbd6d10;
 .timescale 0 0;
    .port_info 0 /INPUT 1 "clk";
    .port_info 1 /INPUT 1 "reset";
    .port_info 2 /INPUT 7 "d";
    .port_info 3 /OUTPUT 7 "q";
L_000002594fbea0a0 .functor BUFZ 7, L_000002594fbe3d20, C4<0000000>, C4<0000000>, C4<0000000>;
v000002594fd0da40_0 .net "clk", 0 0, v000002594fbe4180_0;  alias, 1 drivers
v000002594fd0dae0_0 .net "d", 6 0, L_000002594fbe3d20;  alias, 1 drivers
v000002594fd0db80_0 .net "q", 6 0, v000002594fbe60d0_0;  alias, 1 drivers
v000002594fd0dc20_0 .net "q_next", 6 0, L_000002594fbea0a0;  1 drivers
v000002594fbe60d0_0 .var "q_reg", 6 0;
v000002594fbe6170_0 .net "reset", 0 0, v000002594fbe3640_0;  alias, 1 drivers
E_000002594fbe8080 .event posedge, v000002594fbe6170_0, v000002594fd0da40_0;
    .scope S_000002594fd0d8b0;
T_0 ;
    %wait E_000002594fbe8080;
    %load/vec4 v000002594fbe6170_0;
    %flag_set/vec4 8;
    %jmp/0xz  T_0.0, 8;
    %pushi/vec4 0, 0, 7;
    %assign/vec4 v000002594fbe60d0_0, 0;
    %jmp T_0.1;
T_0.0 ;
    %load/vec4 v000002594fd0dc20_0;
    %assign/vec4 v000002594fbe60d0_0, 0;
T_0.1 ;
    %jmp T_0;
    .thread T_0;
    .scope S_000002594fd0bca0;
T_1 ;
    %load/vec4 v000002594fbe4180_0;
    %inv;
    %store/vec4 v000002594fbe4180_0, 0, 1;
    %delay 10, 0;
    %jmp T_1;
    .thread T_1;
    .scope S_000002594fd0bca0;
T_2 ;
    %vpi_call 2 58 "$dumpfile", "test.vcd" {0 0 0};
    %vpi_call 2 59 "$dumpvars", 32'sb00000000000000000000000000000000, S_000002594fd0bca0 {0 0 0};
    %pushi/vec4 0, 0, 1;
    %assign/vec4 v000002594fbe4180_0, 0;
    %pushi/vec4 1, 0, 1;
    %assign/vec4 v000002594fbe3640_0, 0;
    %delay 20, 0;
    %pushi/vec4 0, 0, 1;
    %assign/vec4 v000002594fbe3640_0, 0;
    %delay 20, 0;
    %delay 20, 0;
    %delay 20, 0;
    %delay 20, 0;
    %vpi_call 2 68 "$finish" {0 0 0};
    %end;
    .thread T_2;
    .scope S_000002594fd0bca0;
T_3 ;
    %vpi_call 2 71 "$monitor", "clk = %b, reset = %b, q = %b", v000002594fbe4180_0, v000002594fbe3640_0, v000002594fbe3c80_0 {0 0 0};
    %end;
    .thread T_3;
# The file index is used to find the file name in the following table.
:file_names 3;
    "N/A";
    "<interactive>";
    "7bitCounter.v";
