#! /c/Source/iverilog-install/bin/vvp
:ivl_version "12.0 (devel)" "(s20150603-1539-g2693dd32b)";
:ivl_delay_selection "TYPICAL";
:vpi_time_precision - 12;
:vpi_module "F:\iverilog\lib\ivl\system.vpi";
:vpi_module "F:\iverilog\lib\ivl\vhdl_sys.vpi";
:vpi_module "F:\iverilog\lib\ivl\vhdl_textio.vpi";
:vpi_module "F:\iverilog\lib\ivl\v2005_math.vpi";
:vpi_module "F:\iverilog\lib\ivl\va_math.vpi";
S_000002c00cb4b760 .scope module, "full_adder_tb" "full_adder_tb" 2 14;
 .timescale -9 -12;
v000002c00cb467e0_0 .net "c", 0 0, L_000002c00cb4aac0;  1 drivers
v000002c00c9fd830_0 .net "s", 0 0, L_000002c00cb4ad60;  1 drivers
v000002c00c9fe780_0 .var "x", 0 0;
v000002c00c9fe5a0_0 .var "y", 0 0;
v000002c00c9fda60_0 .var "z", 0 0;
S_000002c00cb4b8f0 .scope module, "uut" "full_adder" 2 20, 2 1 0, S_000002c00cb4b760;
 .timescale 0 0;
    .port_info 0 /INPUT 1 "x";
    .port_info 1 /INPUT 1 "y";
    .port_info 2 /INPUT 1 "z";
    .port_info 3 /OUTPUT 1 "s";
    .port_info 4 /OUTPUT 1 "c";
L_000002c00cb4af90 .functor XOR 1, v000002c00c9fe780_0, v000002c00c9fe5a0_0, C4<0>, C4<0>;
L_000002c00cb4ad60 .functor XOR 1, L_000002c00cb4af90, v000002c00c9fda60_0, C4<0>, C4<0>;
L_000002c00cb4aba0 .functor XOR 1, v000002c00c9fe780_0, v000002c00c9fe5a0_0, C4<0>, C4<0>;
L_000002c00cb4ac80 .functor AND 1, L_000002c00cb4aba0, v000002c00c9fda60_0, C4<1>, C4<1>;
L_000002c00cb4ae40 .functor AND 1, v000002c00c9fe780_0, v000002c00c9fe5a0_0, C4<1>, C4<1>;
L_000002c00cb4aac0 .functor OR 1, L_000002c00cb4ac80, L_000002c00cb4ae40, C4<0>, C4<0>;
v000002c00cb46cc0_0 .net *"_ivl_0", 0 0, L_000002c00cb4af90;  1 drivers
v000002c00cb4bec0_0 .net *"_ivl_4", 0 0, L_000002c00cb4aba0;  1 drivers
v000002c00cb4b5a0_0 .net *"_ivl_6", 0 0, L_000002c00cb4ac80;  1 drivers
v000002c00cb46420_0 .net *"_ivl_8", 0 0, L_000002c00cb4ae40;  1 drivers
v000002c00cb464c0_0 .net "c", 0 0, L_000002c00cb4aac0;  alias, 1 drivers
v000002c00cb46560_0 .net "s", 0 0, L_000002c00cb4ad60;  alias, 1 drivers
v000002c00cb46600_0 .net "x", 0 0, v000002c00c9fe780_0;  1 drivers
v000002c00cb466a0_0 .net "y", 0 0, v000002c00c9fe5a0_0;  1 drivers
v000002c00cb46740_0 .net "z", 0 0, v000002c00c9fda60_0;  1 drivers
    .scope S_000002c00cb4b760;
T_0 ;
    %pushi/vec4 0, 0, 1;
    %store/vec4 v000002c00c9fe780_0, 0, 1;
    %pushi/vec4 0, 0, 1;
    %store/vec4 v000002c00c9fe5a0_0, 0, 1;
    %pushi/vec4 0, 0, 1;
    %store/vec4 v000002c00c9fda60_0, 0, 1;
    %delay 20000, 0;
    %pushi/vec4 1, 0, 1;
    %store/vec4 v000002c00c9fe780_0, 0, 1;
    %delay 20000, 0;
    %pushi/vec4 1, 0, 1;
    %store/vec4 v000002c00c9fe5a0_0, 0, 1;
    %delay 20000, 0;
    %pushi/vec4 1, 0, 1;
    %store/vec4 v000002c00c9fda60_0, 0, 1;
    %delay 20000, 0;
    %pushi/vec4 0, 0, 1;
    %store/vec4 v000002c00c9fe780_0, 0, 1;
    %delay 20000, 0;
    %pushi/vec4 0, 0, 1;
    %store/vec4 v000002c00c9fe5a0_0, 0, 1;
    %delay 20000, 0;
    %pushi/vec4 1, 0, 1;
    %store/vec4 v000002c00c9fe780_0, 0, 1;
    %delay 20000, 0;
    %pushi/vec4 0, 0, 1;
    %store/vec4 v000002c00c9fe780_0, 0, 1;
    %pushi/vec4 1, 0, 1;
    %store/vec4 v000002c00c9fe5a0_0, 0, 1;
    %pushi/vec4 0, 0, 1;
    %store/vec4 v000002c00c9fda60_0, 0, 1;
    %end;
    .thread T_0;
    .scope S_000002c00cb4b760;
T_1 ;
    %vpi_call 2 58 "$monitor", "x=%d, y=%d, z=%d,  c=%d, s=%d", v000002c00c9fe780_0, v000002c00c9fe5a0_0, v000002c00c9fda60_0, v000002c00cb467e0_0, v000002c00c9fd830_0 {0 0 0};
    %end;
    .thread T_1;
# The file index is used to find the file name in the following table.
:file_names 3;
    "N/A";
    "<interactive>";
    "begin.v";
