#! /c/Source/iverilog-install/bin/vvp
:ivl_version "12.0 (devel)" "(s20150603-1539-g2693dd32b)";
:ivl_delay_selection "TYPICAL";
:vpi_time_precision - 12;
:vpi_module "F:\iverilog\lib\ivl\system.vpi";
:vpi_module "F:\iverilog\lib\ivl\vhdl_sys.vpi";
:vpi_module "F:\iverilog\lib\ivl\vhdl_textio.vpi";
:vpi_module "F:\iverilog\lib\ivl\v2005_math.vpi";
:vpi_module "F:\iverilog\lib\ivl\va_math.vpi";
S_000001a4ed4b5770 .scope module, "dffAsyncReset_tff" "dffAsyncReset_tff" 2 19;
 .timescale -9 -12;
v000001a4ed4b4540_0 .var "clk", 0 0;
v000001a4ed4b45e0_0 .var "d", 0 0;
v000001a4ed46b8f0_0 .net "q", 0 0, v000001a4ed46b850_0;  1 drivers
v000001a4ed46b990_0 .var "reset", 0 0;
S_000001a4ed4b5900 .scope module, "uut" "dffAsyncReset" 2 24, 2 1 0, S_000001a4ed4b5770;
 .timescale 0 0;
    .port_info 0 /INPUT 1 "clk";
    .port_info 1 /INPUT 1 "reset";
    .port_info 2 /INPUT 1 "d";
    .port_info 3 /OUTPUT 1 "q";
v000001a4ed466a30_0 .net "clk", 0 0, v000001a4ed4b4540_0;  1 drivers
v000001a4ed4667b0_0 .net "d", 0 0, v000001a4ed4b45e0_0;  1 drivers
v000001a4ed46b850_0 .var "q", 0 0;
v000001a4ed4b44a0_0 .net "reset", 0 0, v000001a4ed46b990_0;  1 drivers
E_000001a4ed46ce30 .event posedge, v000001a4ed4b44a0_0, v000001a4ed466a30_0;
    .scope S_000001a4ed4b5900;
T_0 ;
    %wait E_000001a4ed46ce30;
    %load/vec4 v000001a4ed4b44a0_0;
    %flag_set/vec4 8;
    %jmp/0xz  T_0.0, 8;
    %pushi/vec4 0, 0, 1;
    %assign/vec4 v000001a4ed46b850_0, 0;
    %jmp T_0.1;
T_0.0 ;
    %load/vec4 v000001a4ed4667b0_0;
    %assign/vec4 v000001a4ed46b850_0, 0;
T_0.1 ;
    %jmp T_0;
    .thread T_0;
    .scope S_000001a4ed4b5770;
T_1 ;
    %load/vec4 v000001a4ed4b4540_0;
    %inv;
    %store/vec4 v000001a4ed4b4540_0, 0, 1;
    %delay 10000, 0;
    %jmp T_1;
    .thread T_1;
    .scope S_000001a4ed4b5770;
T_2 ;
    %load/vec4 v000001a4ed4b45e0_0;
    %inv;
    %assign/vec4 v000001a4ed4b45e0_0, 0;
    %delay 29000, 0;
    %jmp T_2;
    .thread T_2;
    .scope S_000001a4ed4b5770;
T_3 ;
    %pushi/vec4 0, 0, 1;
    %assign/vec4 v000001a4ed4b4540_0, 0;
    %pushi/vec4 1, 0, 1;
    %assign/vec4 v000001a4ed46b990_0, 0;
    %pushi/vec4 0, 0, 1;
    %assign/vec4 v000001a4ed4b45e0_0, 0;
    %delay 20000, 0;
    %pushi/vec4 0, 0, 1;
    %assign/vec4 v000001a4ed46b990_0, 0;
    %delay 20000, 0;
    %end;
    .thread T_3;
    .scope S_000001a4ed4b5770;
T_4 ;
    %vpi_call 2 49 "$monitor", "reset: %d, clk: %d, d: %d, q: %d, time:%d", v000001a4ed46b990_0, v000001a4ed4b4540_0, v000001a4ed4b45e0_0, v000001a4ed46b8f0_0, $time {0 0 0};
    %end;
    .thread T_4;
    .scope S_000001a4ed4b5770;
T_5 ;
    %delay 70000, 0;
    %pushi/vec4 1, 0, 1;
    %assign/vec4 v000001a4ed46b990_0, 0;
    %delay 10000, 0;
    %vpi_call 2 55 "$finish" {0 0 0};
    %end;
    .thread T_5;
# The file index is used to find the file name in the following table.
:file_names 3;
    "N/A";
    "<interactive>";
    "dff_with_asyncReset.v";
