#! /c/Source/iverilog-install/bin/vvp
:ivl_version "12.0 (devel)" "(s20150603-1539-g2693dd32b)";
:ivl_delay_selection "TYPICAL";
:vpi_time_precision - 12;
:vpi_module "F:\iverilog\lib\ivl\system.vpi";
:vpi_module "F:\iverilog\lib\ivl\vhdl_sys.vpi";
:vpi_module "F:\iverilog\lib\ivl\vhdl_textio.vpi";
:vpi_module "F:\iverilog\lib\ivl\v2005_math.vpi";
:vpi_module "F:\iverilog\lib\ivl\va_math.vpi";
S_0000014c816bc160 .scope module, "comb2_tb" "comb2_tb" 2 31;
 .timescale -9 -12;
v0000014c816c3990_0 .var "A", 3 0;
v0000014c816c3170_0 .net "Arithmetic", 3 0, L_0000014c81723950;  1 drivers
v0000014c816c3210_0 .var "B", 3 0;
v0000014c816c3710_0 .net "Bitwise", 3 0, L_0000014c816b8380;  1 drivers
v0000014c816c3a30_0 .var "C", 3 0;
v0000014c816c37b0_0 .net "Concatenation", 3 0, L_0000014c817220f0;  1 drivers
v0000014c81722eb0_0 .net "Conditional", 3 0, L_0000014c81723090;  1 drivers
v0000014c81723e50_0 .var "D", 3 0;
v0000014c81723bd0_0 .net "Equality", 3 0, L_0000014c817222d0;  1 drivers
v0000014c81723c70_0 .net "Logical", 3 0, L_0000014c81722230;  1 drivers
v0000014c81723310_0 .net "Reduction", 3 0, L_0000014c81722190;  1 drivers
v0000014c81722cd0_0 .net "Relational", 3 0, L_0000014c81723ef0;  1 drivers
v0000014c81722b90_0 .net "Shift", 3 0, L_0000014c81722550;  1 drivers
S_0000014c8163ea10 .scope module, "uut" "comb2" 2 45, 2 1 0, S_0000014c816bc160;
 .timescale 0 0;
    .port_info 0 /INPUT 4 "A";
    .port_info 1 /INPUT 4 "B";
    .port_info 2 /INPUT 4 "C";
    .port_info 3 /INPUT 4 "D";
    .port_info 4 /OUTPUT 4 "Arithmetic";
    .port_info 5 /OUTPUT 4 "Shift";
    .port_info 6 /OUTPUT 4 "Relational";
    .port_info 7 /OUTPUT 4 "Equality";
    .port_info 8 /OUTPUT 4 "Bitwise";
    .port_info 9 /OUTPUT 4 "Reduction";
    .port_info 10 /OUTPUT 4 "Logical";
    .port_info 11 /OUTPUT 4 "Concatenation";
    .port_info 12 /OUTPUT 4 "Conditional";
L_0000014c816b8380 .functor AND 4, v0000014c816c3210_0, v0000014c816c3a30_0, C4<1111>, C4<1111>;
L_0000014c816b8700 .functor OR 1, L_0000014c81723d10, L_0000014c81722410, C4<0>, C4<0>;
v0000014c81636bc0_0 .net "A", 3 0, v0000014c816c3990_0;  1 drivers
v0000014c816bc2f0_0 .net "Arithmetic", 3 0, L_0000014c81723950;  alias, 1 drivers
v0000014c8163eba0_0 .net "B", 3 0, v0000014c816c3210_0;  1 drivers
v0000014c8163ec40_0 .net "Bitwise", 3 0, L_0000014c816b8380;  alias, 1 drivers
v0000014c8163ece0_0 .net "C", 3 0, v0000014c816c3a30_0;  1 drivers
v0000014c8163ed80_0 .net "Concatenation", 3 0, L_0000014c817220f0;  alias, 1 drivers
v0000014c816bc730_0 .net "Conditional", 3 0, L_0000014c81723090;  alias, 1 drivers
v0000014c816c32b0_0 .net "D", 3 0, v0000014c81723e50_0;  1 drivers
v0000014c816c3530_0 .net "Equality", 3 0, L_0000014c817222d0;  alias, 1 drivers
v0000014c816c3ad0_0 .net "Logical", 3 0, L_0000014c81722230;  alias, 1 drivers
v0000014c816c2f90_0 .net "Reduction", 3 0, L_0000014c81722190;  alias, 1 drivers
v0000014c816c2ef0_0 .net "Relational", 3 0, L_0000014c81723ef0;  alias, 1 drivers
v0000014c816c2bd0_0 .net "Shift", 3 0, L_0000014c81722550;  alias, 1 drivers
v0000014c816c3670_0 .net *"_ivl_10", 0 0, L_0000014c81722370;  1 drivers
L_0000014c81724060 .functor BUFT 1, C4<000>, C4<0>, C4<0>, C4<0>;
v0000014c816c3030_0 .net *"_ivl_15", 2 0, L_0000014c81724060;  1 drivers
v0000014c816c30d0_0 .net *"_ivl_19", 0 0, L_0000014c81722f50;  1 drivers
L_0000014c817240a8 .functor BUFT 1, C4<000>, C4<0>, C4<0>, C4<0>;
v0000014c816c38f0_0 .net *"_ivl_23", 2 0, L_0000014c817240a8;  1 drivers
v0000014c816c2d10_0 .net *"_ivl_24", 0 0, L_0000014c81723d10;  1 drivers
v0000014c816c3850_0 .net *"_ivl_26", 0 0, L_0000014c81722410;  1 drivers
v0000014c816c33f0_0 .net *"_ivl_29", 0 0, L_0000014c816b8700;  1 drivers
L_0000014c817240f0 .functor BUFT 1, C4<000>, C4<0>, C4<0>, C4<0>;
v0000014c816c2c70_0 .net *"_ivl_33", 2 0, L_0000014c817240f0;  1 drivers
v0000014c816c2db0_0 .net *"_ivl_35", 1 0, L_0000014c81722ff0;  1 drivers
v0000014c816c3350_0 .net *"_ivl_37", 1 0, L_0000014c81723a90;  1 drivers
v0000014c816c2e50_0 .net *"_ivl_4", 0 0, L_0000014c81722910;  1 drivers
v0000014c816c35d0_0 .net *"_ivl_40", 0 0, L_0000014c81723630;  1 drivers
L_0000014c81724018 .functor BUFT 1, C4<000>, C4<0>, C4<0>, C4<0>;
v0000014c816c3490_0 .net *"_ivl_9", 2 0, L_0000014c81724018;  1 drivers
L_0000014c81723950 .arith/sum 4, v0000014c816c3210_0, v0000014c816c3a30_0;
L_0000014c81722550 .shift/r 4, v0000014c816c3210_0, v0000014c816c3a30_0;
L_0000014c81722910 .cmp/gt 4, v0000014c816c3990_0, v0000014c816c3210_0;
L_0000014c81723ef0 .concat [ 1 3 0 0], L_0000014c81722910, L_0000014c81724018;
L_0000014c81722370 .cmp/eq 4, v0000014c816c3990_0, v0000014c81723e50_0;
L_0000014c817222d0 .concat [ 1 3 0 0], L_0000014c81722370, L_0000014c81724060;
L_0000014c81722f50 .reduce/or v0000014c816c3210_0;
L_0000014c81722190 .concat [ 1 3 0 0], L_0000014c81722f50, L_0000014c817240a8;
L_0000014c81723d10 .cmp/gt 4, v0000014c816c3990_0, v0000014c816c3210_0;
L_0000014c81722410 .cmp/gt 4, v0000014c816c3990_0, v0000014c81723e50_0;
L_0000014c81722230 .concat [ 1 3 0 0], L_0000014c816b8700, L_0000014c817240f0;
L_0000014c81722ff0 .part v0000014c816c3a30_0, 0, 2;
L_0000014c81723a90 .part v0000014c81723e50_0, 2, 2;
L_0000014c817220f0 .concat [ 2 2 0 0], L_0000014c81723a90, L_0000014c81722ff0;
L_0000014c81723630 .cmp/gt 4, v0000014c816c3990_0, v0000014c816c3210_0;
L_0000014c81723090 .functor MUXZ 4, v0000014c816c3210_0, v0000014c816c3990_0, L_0000014c81723630, C4<>;
    .scope S_0000014c816bc160;
T_0 ;
    %pushi/vec4 12, 0, 4;
    %store/vec4 v0000014c816c3990_0, 0, 4;
    %pushi/vec4 6, 0, 4;
    %store/vec4 v0000014c816c3210_0, 0, 4;
    %pushi/vec4 2, 0, 4;
    %store/vec4 v0000014c816c3a30_0, 0, 4;
    %pushi/vec4 12, 0, 4;
    %store/vec4 v0000014c81723e50_0, 0, 4;
    %delay 20000, 0;
    %end;
    .thread T_0;
    .scope S_0000014c816bc160;
T_1 ;
    %vpi_call 2 69 "$monitor", "A=%4b, B=%4b, C=%4b, D=%4b\012", v0000014c816c3990_0, v0000014c816c3210_0, v0000014c816c3a30_0, v0000014c81723e50_0, "Arithmetic=%4b, Shift=%4b, Relational=%4b\012", v0000014c816c3170_0, v0000014c81722b90_0, v0000014c81722cd0_0, "Equality=%4b, Bitwise=%4b, Reduction=%4b\012", v0000014c81723bd0_0, v0000014c816c3710_0, v0000014c81723310_0, "Logical=%4b, Concatenation=%4b, Conditional=%4b\012", v0000014c81723c70_0, v0000014c816c37b0_0, v0000014c81722eb0_0 {0 0 0};
    %end;
    .thread T_1;
# The file index is used to find the file name in the following table.
:file_names 3;
    "N/A";
    "<interactive>";
    "equation.v";
