#! /c/Source/iverilog-install/bin/vvp
:ivl_version "12.0 (devel)" "(s20150603-1539-g2693dd32b)";
:ivl_delay_selection "TYPICAL";
:vpi_time_precision + 0;
:vpi_module "F:\iverilog\lib\ivl\system.vpi";
:vpi_module "F:\iverilog\lib\ivl\vhdl_sys.vpi";
:vpi_module "F:\iverilog\lib\ivl\vhdl_textio.vpi";
:vpi_module "F:\iverilog\lib\ivl\v2005_math.vpi";
:vpi_module "F:\iverilog\lib\ivl\va_math.vpi";
S_00000280247fa4b0 .scope module, "qer_tb" "qer_tb" 2 22;
 .timescale 0 0;
v00000280247f64c0_0 .var "clk", 0 0;
v00000280247f6560_0 .var "d", 3 0;
v00000280247f6600_0 .var "load", 0 0;
v00000280247f66a0_0 .net "q", 3 0, v00000280247f62e0_0;  1 drivers
v00000280246a46c0_0 .var "reset", 0 0;
v00000280246a4760_0 .var "ud", 0 0;
o00000280246ba098 .functor BUFZ 1, C4<z>; HiZ drive
v00000280246a4800_0 .net "up_down", 0 0, o00000280246ba098;  0 drivers
S_00000280247fbae0 .scope module, "ct_1" "qer" 2 27, 2 2 0, S_00000280247fa4b0;
 .timescale 0 0;
    .port_info 0 /INPUT 1 "clk";
    .port_info 1 /INPUT 1 "reset";
    .port_info 2 /INPUT 1 "load";
    .port_info 3 /INPUT 1 "up_down";
    .port_info 4 /INPUT 4 "d";
    .port_info 5 /OUTPUT 4 "q";
v00000280247f6920_0 .net "clk", 0 0, v00000280247f64c0_0;  1 drivers
v00000280247fbc70_0 .net "d", 3 0, v00000280247f6560_0;  1 drivers
v00000280247fbd10_0 .net "load", 0 0, v00000280247f6600_0;  1 drivers
v00000280247f62e0_0 .var "q", 3 0;
v00000280247f6380_0 .net "reset", 0 0, v00000280246a46c0_0;  1 drivers
v00000280247f6420_0 .net "up_down", 0 0, o00000280246ba098;  alias, 0 drivers
E_00000280246b78e0 .event posedge, v00000280247f6380_0, v00000280247f6920_0;
    .scope S_00000280247fbae0;
T_0 ;
    %wait E_00000280246b78e0;
    %load/vec4 v00000280247f6380_0;
    %flag_set/vec4 8;
    %jmp/0xz  T_0.0, 8;
    %pushi/vec4 15, 0, 4;
    %assign/vec4 v00000280247f62e0_0, 0;
    %jmp T_0.1;
T_0.0 ;
    %load/vec4 v00000280247f62e0_0;
    %subi 1, 0, 4;
    %assign/vec4 v00000280247f62e0_0, 0;
T_0.1 ;
    %jmp T_0;
    .thread T_0;
    .scope S_00000280247fa4b0;
T_1 ;
    %load/vec4 v00000280247f64c0_0;
    %inv;
    %store/vec4 v00000280247f64c0_0, 0, 1;
    %delay 10, 0;
    %jmp T_1;
    .thread T_1;
    .scope S_00000280247fa4b0;
T_2 ;
    %vpi_call 2 34 "$dumpfile", "test.vcd" {0 0 0};
    %vpi_call 2 35 "$dumpvars", 32'sb00000000000000000000000000000000, S_00000280247fa4b0 {0 0 0};
    %pushi/vec4 0, 0, 1;
    %assign/vec4 v00000280247f64c0_0, 0;
    %pushi/vec4 1, 0, 1;
    %assign/vec4 v00000280246a46c0_0, 0;
    %delay 20, 0;
    %pushi/vec4 0, 0, 1;
    %assign/vec4 v00000280246a46c0_0, 0;
    %delay 20, 0;
    %delay 20, 0;
    %delay 20, 0;
    %delay 20, 0;
    %delay 20, 0;
    %delay 20, 0;
    %delay 20, 0;
    %delay 20, 0;
    %delay 20, 0;
    %delay 20, 0;
    %delay 20, 0;
    %delay 20, 0;
    %delay 20, 0;
    %delay 20, 0;
    %delay 20, 0;
    %delay 20, 0;
    %vpi_call 2 56 "$finish" {0 0 0};
    %end;
    .thread T_2;
    .scope S_00000280247fa4b0;
T_3 ;
    %vpi_call 2 59 "$monitor", "time=%0d,reset=%b,load=%b,ud=%b,d=%d,q=%d", $time, v00000280246a46c0_0, v00000280247f6600_0, v00000280246a4760_0, v00000280247f6560_0, v00000280247f66a0_0 {0 0 0};
    %end;
    .thread T_3;
# The file index is used to find the file name in the following table.
:file_names 3;
    "N/A";
    "<interactive>";
    "hg.v";
